<?xml version="1.0" encoding="UTF-8"?>
<!-- Generated by org.testng.reporters.JUnitReportReporter -->
<testsuite hostname="Dell" name="testcases.VerifyHomePage" tests="1" failures="0" timestamp="18 Apr 2018 01:41:11 GMT" time="20.220" errors="0">
  <testcase name="testHomePage" time="20.220" classname="testcases.VerifyHomePage"/>
</testsuite> <!-- testcases.VerifyHomePage -->
