<?xml version="1.0" encoding="UTF-8"?>
<!-- Generated by org.testng.reporters.JUnitReportReporter -->
<testsuite hostname="Dell" name="testcases.VerifyLoginPage" tests="1" failures="0" timestamp="18 Apr 2018 01:41:11 GMT" time="21.547" errors="0">
  <testcase name="testHomePage" time="21.547" classname="testcases.VerifyLoginPage"/>
</testsuite> <!-- testcases.VerifyLoginPage -->
