<?xml version="1.0" encoding="UTF-8"?>
<!-- Generated by org.testng.reporters.JUnitReportReporter -->
<testsuite hostname="Dell" name="testcases.VerifyLoginPageWithReport" tests="1" failures="0" timestamp="18 Apr 2018 01:41:11 GMT" time="20.141" errors="0">
  <testcase name="testHomePage" time="20.141" classname="testcases.VerifyLoginPageWithReport"/>
</testsuite> <!-- testcases.VerifyLoginPageWithReport -->
